
> myblog@0.1.0 build
> next build

  ▲ Next.js 14.2.18

   Creating an optimized production build ...
 ✓ Compiled successfully
   Linting and checking validity of types ...
   Collecting page data ...
   Generating static pages (0/7) ...
   Generating static pages (1/7) 
   Generating static pages (3/7) 
   Generating static pages (5/7) 
 ✓ Generating static pages (7/7)
   Finalizing page optimization ...
   Collecting build traces ...

Route (app)                              Size     First Load JS
┌ ○ /                                    1.7 kB          127 kB
├ ○ /_not-found                          875 B          88.1 kB
├ ○ /about                               10.3 kB         142 kB
├ ○ /contact                             3.66 kB         129 kB
├ ○ /posts                               5.62 kB         138 kB
└ ƒ /posts/[slug]                        268 kB          617 kB
+ First Load JS shared by all            87.2 kB
  ├ chunks/117-ba13601504e86dc4.js       31.6 kB
  ├ chunks/fd9d1056-978fb3ad0384f526.js  53.7 kB
  └ other shared chunks (total)          1.95 kB


○  (Static)   prerendered as static content
ƒ  (Dynamic)  server-rendered on demand

